C51 COMPILER V9.59.0.0   AJFMQ                                                             03/20/2020 11:49:12 PAGE 1   


C51 COMPILER V9.59.0.0, COMPILATION OF MODULE AJFMQ
OBJECT MODULE PLACED IN .\Objects\ajfmq.obj
COMPILER INVOKED BY: D:\Keil_v5\C51\BIN\C51.EXE ajfmq.c OPTIMIZE(8,SPEED) BROWSE DEBUG OBJECTEXTEND PRINT(.\Listings\ajf
                    -mq.lst) TABS(2) OBJECT(.\Objects\ajfmq.obj)

line level    source

   1          #include <reg52.h>
   2          #include <string.h>
   3          #include <math.h>
   4          #include <intrins.h>
   5          
   6          #define uchar unsigned char
   7          
   8          
   9          sbit  BEEP= P2^5;
  10          sbit  P33=P3^3;
  11          uchar  H_count,L_count;
  12          
  13          uchar code table[]={0xc0,0xf9,0xa4,0xb0,0x99,0x92,0x82,
  14                                  0xf8,0x80,0x90};
  15          
  16          void delay(int i)
  17          {
  18   1        int j,k; 
  19   1        for(j=i;j>0;j--)
  20   1          for(k=125;k>0;k--);
  21   1      }
  22          
  23          void display(int Dis_data)
  24          {
  25   1        
  26   1         P0=table[Dis_data/1000];
  27   1         P20 = 0;
  28   1         delay(2);
  29   1         P20 = 1;
  30   1      
  31   1         P0=table[Dis_data%1000/100];
  32   1         P21 = 0;
  33   1         delay(2);
  34   1         P21 = 1;
  35   1      
  36   1         P0=table[Dis_data%1000%100/10];
  37   1         P22 = 0;
  38   1         delay(2);
  39   1         P22 = 1;
  40   1      
  41   1         P0=table[Dis_data%10];
  42   1         P23 = 0;
  43   1         delay(2);
  44   1         P23 = 1;
  45   1         
  46   1      }
  47          
  48          void main(void)
  49          {
  50   1      int a =0;
  51   1        while(1)
  52   1        {
  53   2      if(P33==0)  //∑‰√˘∆˜
  54   2          {
C51 COMPILER V9.59.0.0   AJFMQ                                                             03/20/2020 11:49:12 PAGE 2   

  55   3            delay(5);
  56   3            if(P33==0)
  57   3          { BEEP=1;
  58   4          TMOD=0x01; 
  59   4          TH0=0xff; 
  60   4          TL0=0xa0;
  61   4          H_count=0xff;
  62   4          L_count=0xa0;      
  63   4          EA=1;
  64   4          ET0=1; 
  65   4             TR0=1;
  66   4            a++;
  67   4              if(a>9999)
  68   4                a=0;
  69   4      
  70   4          }
  71   3              while(!P33); //À… ÷ºÏ≤‚
  72   3            }   
  73   2        display(a);  //œ‘ æ
  74   2        }
  75   1      }
  76          
  77          void Time0(void) interrupt 1 using 0
  78          {
  79   1        BEEP=~BEEP;
  80   1        if( L_count!=0x00 )
  81   1        {
  82   2           L_count--;
  83   2           TH0=H_count; 
  84   2             TL0=L_count;
  85   2             return;
  86   2           }else  H_count--;
  87   1          
  88   1        if( H_count!=0xfc )
  89   1        {
  90   2           L_count--;
  91   2           TH0=H_count; 
  92   2             TL0=L_count;
  93   2             return;
  94   2        }
  95   1        else
  96   1           {
  97   2              H_count=0xff;
  98   2              L_count=0xa0;
  99   2              TH0=H_count;
 100   2              TL0=L_count;
 101   2              BEEP=1;
 102   2              TR0=0;
 103   2           }   
 104   1      }
 105             
 106          /*********************************************************/


MODULE INFORMATION:   STATIC OVERLAYABLE
   CODE SIZE        =    328    ----
   CONSTANT SIZE    =     10    ----
   XDATA SIZE       =   ----    ----
   PDATA SIZE       =   ----    ----
   DATA SIZE        =      2       2
   IDATA SIZE       =   ----    ----
   BIT SIZE         =   ----    ----
C51 COMPILER V9.59.0.0   AJFMQ                                                             03/20/2020 11:49:12 PAGE 3   

END OF MODULE INFORMATION.


C51 COMPILATION COMPLETE.  0 WARNING(S),  0 ERROR(S)
