C51 COMPILER V9.59.0.0   __________                                                        03/20/2020 12:11:43 PAGE 1   


C51 COMPILER V9.59.0.0, COMPILATION OF MODULE __________
OBJECT MODULE PLACED IN .\Objects\！！！蓝牙.obj
COMPILER INVOKED BY: D:\Keil_v5\C51\BIN\C51.EXE ！！！蓝牙.c OPTIMIZE(8,SPEED) BROWSE DEBUG OBJECTEXTEND PRINT(.\Listing
                    -s\！！！蓝牙.lst) TABS(2) OBJECT(.\Objects\！！！蓝牙.obj)

line level    source

   1          #include<reg52.h>
   2          #include<intrins.h>
   3          
   4          typedef unsigned int uint;
   5          typedef unsigned char uchar ;
   6          uchar R_data;
   7          bit R_flag=0;
   8          
   9          void Uart_Init(void)
  10          {
  11   1      
  12   1        PCON = 0x80;    //使能波特率倍速位SMOD
  13   1      
  14   1        SCON = 0x50;    //8位数据,可变波特率
  15   1      
  16   1        AUXR &= 0xBF;   //定时器1时钟为Fosc/12,即12T
  17   1      
  18   1        AUXR &= 0xFE;   //串口1选择定时器1为波特率发生器
  19   1      
  20   1        TMOD &= 0x0F;   //清除定时器1模式位
  21   1      
  22   1        TMOD = 0x20;    //设定定时器1为8位自动重装方式
  23   1      
  24   1        TL1 = 0xFF;   //设定定时初值
  25   1      
  26   1        TH1 = 0xFF;   //设定定时器重装值
  27   1      
  28   1        ET1 = 0;    //禁止定时器1中断
  29   1      
  30   1        TR1 = 1;    //启动定时器1
  31   1      
  32   1      }
  33          void Uart_SendByte(uchar Byte)
  34          {
  35   1        SBUF =  Byte;
  36   1        while(!TI)                   //如果发送完毕，硬件会置位TI
  37   1        {
  38   2          _nop_();  
  39   2        } 
  40   1      }
  41          
  42          void main()
  43          {
  44   1        Uart_Init();
  45   1        while(1)
  46   1        {
  47   2          if(R_flag==1)
  48   2          {
  49   3            Uart_SendByte(R_data );
  50   3            R_flag=0;
  51   3          } 
  52   2        }   
  53   1      }
  54          
C51 COMPILER V9.59.0.0   __________                                                        03/20/2020 12:11:43 PAGE 2   

  55          void Uart_Int(void) interrupt 4
  56          {
  57   1      //  static uchar i = 7;    //定义为静态变量，当重新进入这个子函数时 i 的值不会发生改变
  58   1        EA = 0;
  59   1        if(RI == 1)   //当硬件接收到一个数据时，RI会置位
  60   1        {
  61   2          R_data= SBUF; //这里减去48是因为从电脑中发送过来的数据是ASCII码。
  62   2          RI = 0;  
  63   2          R_flag=1; 
  64   2        }
  65   1        EA = 1;
  66   1      }
  67          
  68          
  69          
  70          


MODULE INFORMATION:   STATIC OVERLAYABLE
   CODE SIZE        =     68    ----
   CONSTANT SIZE    =   ----    ----
   XDATA SIZE       =   ----    ----
   PDATA SIZE       =   ----    ----
   DATA SIZE        =      1    ----
   IDATA SIZE       =   ----    ----
   BIT SIZE         =      1    ----
END OF MODULE INFORMATION.


C51 COMPILATION COMPLETE.  0 WARNING(S),  0 ERROR(S)
